\BOOKMARK [1][-]{Doc-Start}{Dictionary Acronyms and Abbreviations}{}% 1
\BOOKMARK [1][-]{section.1}{Introduction}{}% 2
\BOOKMARK [1][-]{section.2}{The Historical Development of AR / VR Devices}{}% 3
\BOOKMARK [2][-]{subsection.2.1}{The Pioneers of VR Concepts}{section.2}% 4
\BOOKMARK [2][-]{subsection.2.2}{1960s - The First Virtual and Augmented Reality Devices Appear}{section.2}% 5
\BOOKMARK [2][-]{subsection.2.3}{1980s - Virtual Reality Comes to Life}{section.2}% 6
\BOOKMARK [2][-]{subsection.2.4}{2000s - The Development Continues}{section.2}% 7
\BOOKMARK [2][-]{subsection.2.5}{Current Technologies}{section.2}% 8
\BOOKMARK [1][-]{section.3}{Technical Specifications and Requirements}{}% 9
\BOOKMARK [2][-]{subsection.3.1}{Basic Concepts}{section.3}% 10
\BOOKMARK [3][-]{subsubsection.3.1.1}{Headset Position Detection}{subsection.3.1}% 11
\BOOKMARK [3][-]{subsubsection.3.1.2}{Displaying Virtual Objects}{subsection.3.1}% 12
\BOOKMARK [3][-]{subsubsection.3.1.3}{Virtual Reality Sickness}{subsection.3.1}% 13
\BOOKMARK [2][-]{subsection.3.2}{AR / VR Device Classification}{section.3}% 14
\BOOKMARK [2][-]{subsection.3.3}{Display Characteristics}{section.3}% 15
\BOOKMARK [2][-]{subsection.3.4}{Development Support}{section.3}% 16
\BOOKMARK [3][-]{subsubsection.3.4.1}{Unity 3D}{subsection.3.4}% 17
\BOOKMARK [1][-]{section.4}{Current AR / VR Market}{}% 18
\BOOKMARK [2][-]{subsection.4.1}{Virtual Reality}{section.4}% 19
\BOOKMARK [3][-]{subsubsection.4.1.1}{Google Cardboard}{subsection.4.1}% 20
\BOOKMARK [3][-]{subsubsection.4.1.2}{Samsung GearVR}{subsection.4.1}% 21
\BOOKMARK [3][-]{subsubsection.4.1.3}{Google Daydream}{subsection.4.1}% 22
\BOOKMARK [3][-]{subsubsection.4.1.4}{Oculus Rift}{subsection.4.1}% 23
\BOOKMARK [3][-]{subsubsection.4.1.5}{HTC Vive}{subsection.4.1}% 24
\BOOKMARK [3][-]{subsubsection.4.1.6}{Playstation VR}{subsection.4.1}% 25
\BOOKMARK [2][-]{subsection.4.2}{Augmented Reality}{section.4}% 26
\BOOKMARK [3][-]{subsubsection.4.2.1}{AR Frameworks}{subsection.4.2}% 27
\BOOKMARK [3][-]{subsubsection.4.2.2}{Epson Moverio BT200/300}{subsection.4.2}% 28
\BOOKMARK [3][-]{subsubsection.4.2.3}{Google Glass}{subsection.4.2}% 29
\BOOKMARK [3][-]{subsubsection.4.2.4}{Lenovo Phab 2 PRO}{subsection.4.2}% 30
\BOOKMARK [3][-]{subsubsection.4.2.5}{Microsoft HoloLens}{subsection.4.2}% 31
\BOOKMARK [1][-]{section.5}{Own AR / VR System Implementation}{}% 32
\BOOKMARK [2][-]{subsection.5.1}{Augmented Reality with Vuforia}{section.5}% 33
\BOOKMARK [3][-]{subsubsection.5.1.1}{Goal}{subsection.5.1}% 34
\BOOKMARK [2][-]{subsection.5.2}{Implementation}{section.5}% 35
\BOOKMARK [3][-]{subsubsection.5.2.1}{Results}{subsection.5.2}% 36
\BOOKMARK [2][-]{subsection.5.3}{Positional Tracking with GearVR}{section.5}% 37
\BOOKMARK [3][-]{subsubsection.5.3.1}{Goal}{subsection.5.3}% 38
\BOOKMARK [3][-]{subsubsection.5.3.2}{Marvelmind Indoor Navigation System Principles}{subsection.5.3}% 39
